This is pdfTeX, Version 3.14159265-2.6-1.40.20 (TeX Live 2019/W32TeX) (preloaded format=pdflatex 2019.9.2)  15 DEC 2020 08:06
entering extended mode
 restricted \write18 enabled.
 %&-line parsing enabled.
**presentation_semsim_autocor.tex
(./presentation_semsim_autocor.tex
LaTeX2e <2018-12-01>
(c:/texlive/2019/texmf-dist/tex/latex/beamer/beamer.cls
Document Class: beamer 2019/07/23 v3.56 A class for typesetting presentations
(c:/texlive/2019/texmf-dist/tex/latex/beamer/beamerbasemodes.sty
(c:/texlive/2019/texmf-dist/tex/latex/etoolbox/etoolbox.sty
Package: etoolbox 2018/08/19 v2.5f e-TeX tools for LaTeX (JAW)
\etb@tempcnta=\count80
)
\beamer@tempbox=\box27
\beamer@tempcount=\count81
\c@beamerpauses=\count82

(c:/texlive/2019/texmf-dist/tex/latex/beamer/beamerbasedecode.sty
\beamer@slideinframe=\count83
\beamer@minimum=\count84
\beamer@decode@box=\box28
)
\beamer@commentbox=\box29
\beamer@modecount=\count85
)
(c:/texlive/2019/texmf-dist/tex/generic/oberdiek/ifpdf.sty
Package: ifpdf 2018/09/07 v3.3 Provides the ifpdf switch
)
\headdp=\dimen102
\footheight=\dimen103
\sidebarheight=\dimen104
\beamer@tempdim=\dimen105
\beamer@finalheight=\dimen106
\beamer@animht=\dimen107
\beamer@animdp=\dimen108
\beamer@animwd=\dimen109
\beamer@leftmargin=\dimen110
\beamer@rightmargin=\dimen111
\beamer@leftsidebar=\dimen112
\beamer@rightsidebar=\dimen113
\beamer@boxsize=\dimen114
\beamer@vboxoffset=\dimen115
\beamer@descdefault=\dimen116
\beamer@descriptionwidth=\dimen117
\beamer@lastskip=\skip41
\beamer@areabox=\box30
\beamer@animcurrent=\box31
\beamer@animshowbox=\box32
\beamer@sectionbox=\box33
\beamer@logobox=\box34
\beamer@linebox=\box35
\beamer@sectioncount=\count86
\beamer@subsubsectionmax=\count87
\beamer@subsectionmax=\count88
\beamer@sectionmax=\count89
\beamer@totalheads=\count90
\beamer@headcounter=\count91
\beamer@partstartpage=\count92
\beamer@sectionstartpage=\count93
\beamer@subsectionstartpage=\count94
\beamer@animationtempa=\count95
\beamer@animationtempb=\count96
\beamer@xpos=\count97
\beamer@ypos=\count98
\beamer@ypos@offset=\count99
\beamer@showpartnumber=\count100
\beamer@currentsubsection=\count101
\beamer@coveringdepth=\count102
\beamer@sectionadjust=\count103
\beamer@tocsectionnumber=\count104

(c:/texlive/2019/texmf-dist/tex/latex/beamer/beamerbaseoptions.sty
(c:/texlive/2019/texmf-dist/tex/latex/graphics/keyval.sty
Package: keyval 2014/10/28 v1.15 key=value parser (DPC)
\KV@toks@=\toks14
))
\beamer@paperwidth=\skip42
\beamer@paperheight=\skip43

(c:/texlive/2019/texmf-dist/tex/latex/geometry/geometry.sty
Package: geometry 2018/04/16 v5.8 Page Geometry

(c:/texlive/2019/texmf-dist/tex/generic/oberdiek/ifvtex.sty
Package: ifvtex 2016/05/16 v1.6 Detect VTeX and its facilities (HO)
Package ifvtex Info: VTeX not detected.
)
(c:/texlive/2019/texmf-dist/tex/generic/ifxetex/ifxetex.sty
Package: ifxetex 2010/09/12 v0.6 Provides ifxetex conditional
)
\Gm@cnth=\count105
\Gm@cntv=\count106
\c@Gm@tempcnt=\count107
\Gm@bindingoffset=\dimen118
\Gm@wd@mp=\dimen119
\Gm@odd@mp=\dimen120
\Gm@even@mp=\dimen121
\Gm@layoutwidth=\dimen122
\Gm@layoutheight=\dimen123
\Gm@layouthoffset=\dimen124
\Gm@layoutvoffset=\dimen125
\Gm@dimlist=\toks15
)
(c:/texlive/2019/texmf-dist/tex/latex/base/size11.clo
File: size11.clo 2018/09/03 v1.4i Standard LaTeX file (size option)
)
(c:/texlive/2019/texmf-dist/tex/latex/pgf/basiclayer/pgfcore.sty
(c:/texlive/2019/texmf-dist/tex/latex/graphics/graphicx.sty
Package: graphicx 2017/06/01 v1.1a Enhanced LaTeX Graphics (DPC,SPQR)

(c:/texlive/2019/texmf-dist/tex/latex/graphics/graphics.sty
Package: graphics 2017/06/25 v1.2c Standard LaTeX Graphics (DPC,SPQR)

(c:/texlive/2019/texmf-dist/tex/latex/graphics/trig.sty
Package: trig 2016/01/03 v1.10 sin cos tan (DPC)
)
(c:/texlive/2019/texmf-dist/tex/latex/graphics-cfg/graphics.cfg
File: graphics.cfg 2016/06/04 v1.11 sample graphics configuration
)
Package graphics Info: Driver file: pdftex.def on input line 99.

(c:/texlive/2019/texmf-dist/tex/latex/graphics-def/pdftex.def
File: pdftex.def 2018/01/08 v1.0l Graphics/color driver for pdftex
))
\Gin@req@height=\dimen126
\Gin@req@width=\dimen127
)
(c:/texlive/2019/texmf-dist/tex/latex/pgf/systemlayer/pgfsys.sty
(c:/texlive/2019/texmf-dist/tex/latex/pgf/utilities/pgfrcs.sty
(c:/texlive/2019/texmf-dist/tex/generic/pgf/utilities/pgfutil-common.tex
\pgfutil@everybye=\toks16
\pgfutil@tempdima=\dimen128
\pgfutil@tempdimb=\dimen129

(c:/texlive/2019/texmf-dist/tex/generic/pgf/utilities/pgfutil-common-lists.tex)
) (c:/texlive/2019/texmf-dist/tex/generic/pgf/utilities/pgfutil-latex.def
\pgfutil@abb=\box36

(c:/texlive/2019/texmf-dist/tex/latex/ms/everyshi.sty
Package: everyshi 2001/05/15 v3.00 EveryShipout Package (MS)
))
(c:/texlive/2019/texmf-dist/tex/generic/pgf/utilities/pgfrcs.code.tex
(c:/texlive/2019/texmf-dist/tex/generic/pgf/pgf.revision.tex)
Package: pgfrcs 2019/08/03 v3.1.4b (3.1.4b)
))
(c:/texlive/2019/texmf-dist/tex/generic/pgf/systemlayer/pgfsys.code.tex
Package: pgfsys 2019/08/03 v3.1.4b (3.1.4b)

(c:/texlive/2019/texmf-dist/tex/generic/pgf/utilities/pgfkeys.code.tex
\pgfkeys@pathtoks=\toks17
\pgfkeys@temptoks=\toks18

(c:/texlive/2019/texmf-dist/tex/generic/pgf/utilities/pgfkeysfiltered.code.tex
\pgfkeys@tmptoks=\toks19
))
\pgf@x=\dimen130
\pgf@y=\dimen131
\pgf@xa=\dimen132
\pgf@ya=\dimen133
\pgf@xb=\dimen134
\pgf@yb=\dimen135
\pgf@xc=\dimen136
\pgf@yc=\dimen137
\pgf@xd=\dimen138
\pgf@yd=\dimen139
\w@pgf@writea=\write3
\r@pgf@reada=\read1
\c@pgf@counta=\count108
\c@pgf@countb=\count109
\c@pgf@countc=\count110
\c@pgf@countd=\count111
\t@pgf@toka=\toks20
\t@pgf@tokb=\toks21
\t@pgf@tokc=\toks22
\pgf@sys@id@count=\count112
 (c:/texlive/2019/texmf-dist/tex/generic/pgf/systemlayer/pgf.cfg
File: pgf.cfg 2019/08/03 v3.1.4b (3.1.4b)
)
Driver file for pgf: pgfsys-pdftex.def

(c:/texlive/2019/texmf-dist/tex/generic/pgf/systemlayer/pgfsys-pdftex.def
File: pgfsys-pdftex.def 2019/08/03 v3.1.4b (3.1.4b)

(c:/texlive/2019/texmf-dist/tex/generic/pgf/systemlayer/pgfsys-common-pdf.def
File: pgfsys-common-pdf.def 2019/08/03 v3.1.4b (3.1.4b)
)))
(c:/texlive/2019/texmf-dist/tex/generic/pgf/systemlayer/pgfsyssoftpath.code.tex
File: pgfsyssoftpath.code.tex 2019/08/03 v3.1.4b (3.1.4b)
\pgfsyssoftpath@smallbuffer@items=\count113
\pgfsyssoftpath@bigbuffer@items=\count114
)
(c:/texlive/2019/texmf-dist/tex/generic/pgf/systemlayer/pgfsysprotocol.code.tex
File: pgfsysprotocol.code.tex 2019/08/03 v3.1.4b (3.1.4b)
)) (c:/texlive/2019/texmf-dist/tex/latex/xcolor/xcolor.sty
Package: xcolor 2016/05/11 v2.12 LaTeX color extensions (UK)

(c:/texlive/2019/texmf-dist/tex/latex/graphics-cfg/color.cfg
File: color.cfg 2016/01/02 v1.6 sample color configuration
)
Package xcolor Info: Driver file: pdftex.def on input line 225.
Package xcolor Info: Model `cmy' substituted by `cmy0' on input line 1348.
Package xcolor Info: Model `hsb' substituted by `rgb' on input line 1352.
Package xcolor Info: Model `RGB' extended on input line 1364.
Package xcolor Info: Model `HTML' substituted by `rgb' on input line 1366.
Package xcolor Info: Model `Hsb' substituted by `hsb' on input line 1367.
Package xcolor Info: Model `tHsb' substituted by `hsb' on input line 1368.
Package xcolor Info: Model `HSB' substituted by `hsb' on input line 1369.
Package xcolor Info: Model `Gray' substituted by `gray' on input line 1370.
Package xcolor Info: Model `wave' substituted by `hsb' on input line 1371.

(c:/texlive/2019/texmf-dist/tex/latex/graphics/dvipsnam.def
File: dvipsnam.def 2016/06/17 v3.0m Driver-dependent file (DPC,SPQR)
))
(c:/texlive/2019/texmf-dist/tex/generic/pgf/basiclayer/pgfcore.code.tex
Package: pgfcore 2019/08/03 v3.1.4b (3.1.4b)

(c:/texlive/2019/texmf-dist/tex/generic/pgf/math/pgfmath.code.tex
(c:/texlive/2019/texmf-dist/tex/generic/pgf/math/pgfmathcalc.code.tex
(c:/texlive/2019/texmf-dist/tex/generic/pgf/math/pgfmathutil.code.tex)
(c:/texlive/2019/texmf-dist/tex/generic/pgf/math/pgfmathparser.code.tex
\pgfmath@dimen=\dimen140
\pgfmath@count=\count115
\pgfmath@box=\box37
\pgfmath@toks=\toks23
\pgfmath@stack@operand=\toks24
\pgfmath@stack@operation=\toks25
)
(c:/texlive/2019/texmf-dist/tex/generic/pgf/math/pgfmathfunctions.code.tex
(c:/texlive/2019/texmf-dist/tex/generic/pgf/math/pgfmathfunctions.basic.code.te
x)
(c:/texlive/2019/texmf-dist/tex/generic/pgf/math/pgfmathfunctions.trigonometric
.code.tex)
(c:/texlive/2019/texmf-dist/tex/generic/pgf/math/pgfmathfunctions.random.code.t
ex)
(c:/texlive/2019/texmf-dist/tex/generic/pgf/math/pgfmathfunctions.comparison.co
de.tex)
(c:/texlive/2019/texmf-dist/tex/generic/pgf/math/pgfmathfunctions.base.code.tex
)
(c:/texlive/2019/texmf-dist/tex/generic/pgf/math/pgfmathfunctions.round.code.te
x)
(c:/texlive/2019/texmf-dist/tex/generic/pgf/math/pgfmathfunctions.misc.code.tex
)
(c:/texlive/2019/texmf-dist/tex/generic/pgf/math/pgfmathfunctions.integerarithm
etics.code.tex)))
(c:/texlive/2019/texmf-dist/tex/generic/pgf/math/pgfmathfloat.code.tex
\c@pgfmathroundto@lastzeros=\count116
))
(c:/texlive/2019/texmf-dist/tex/generic/pgf/math/pgfint.code.tex)
(c:/texlive/2019/texmf-dist/tex/generic/pgf/basiclayer/pgfcorepoints.code.tex
File: pgfcorepoints.code.tex 2019/08/03 v3.1.4b (3.1.4b)
\pgf@picminx=\dimen141
\pgf@picmaxx=\dimen142
\pgf@picminy=\dimen143
\pgf@picmaxy=\dimen144
\pgf@pathminx=\dimen145
\pgf@pathmaxx=\dimen146
\pgf@pathminy=\dimen147
\pgf@pathmaxy=\dimen148
\pgf@xx=\dimen149
\pgf@xy=\dimen150
\pgf@yx=\dimen151
\pgf@yy=\dimen152
\pgf@zx=\dimen153
\pgf@zy=\dimen154
)
(c:/texlive/2019/texmf-dist/tex/generic/pgf/basiclayer/pgfcorepathconstruct.cod
e.tex
File: pgfcorepathconstruct.code.tex 2019/08/03 v3.1.4b (3.1.4b)
\pgf@path@lastx=\dimen155
\pgf@path@lasty=\dimen156
)
(c:/texlive/2019/texmf-dist/tex/generic/pgf/basiclayer/pgfcorepathusage.code.te
x
File: pgfcorepathusage.code.tex 2019/08/03 v3.1.4b (3.1.4b)
\pgf@shorten@end@additional=\dimen157
\pgf@shorten@start@additional=\dimen158
)
(c:/texlive/2019/texmf-dist/tex/generic/pgf/basiclayer/pgfcorescopes.code.tex
File: pgfcorescopes.code.tex 2019/08/03 v3.1.4b (3.1.4b)
\pgfpic=\box38
\pgf@hbox=\box39
\pgf@layerbox@main=\box40
\pgf@picture@serial@count=\count117
)
(c:/texlive/2019/texmf-dist/tex/generic/pgf/basiclayer/pgfcoregraphicstate.code
.tex
File: pgfcoregraphicstate.code.tex 2019/08/03 v3.1.4b (3.1.4b)
\pgflinewidth=\dimen159
)
(c:/texlive/2019/texmf-dist/tex/generic/pgf/basiclayer/pgfcoretransformations.c
ode.tex
File: pgfcoretransformations.code.tex 2019/08/03 v3.1.4b (3.1.4b)
\pgf@pt@x=\dimen160
\pgf@pt@y=\dimen161
\pgf@pt@temp=\dimen162
)
(c:/texlive/2019/texmf-dist/tex/generic/pgf/basiclayer/pgfcorequick.code.tex
File: pgfcorequick.code.tex 2019/08/03 v3.1.4b (3.1.4b)
)
(c:/texlive/2019/texmf-dist/tex/generic/pgf/basiclayer/pgfcoreobjects.code.tex
File: pgfcoreobjects.code.tex 2019/08/03 v3.1.4b (3.1.4b)
)
(c:/texlive/2019/texmf-dist/tex/generic/pgf/basiclayer/pgfcorepathprocessing.co
de.tex
File: pgfcorepathprocessing.code.tex 2019/08/03 v3.1.4b (3.1.4b)
)
(c:/texlive/2019/texmf-dist/tex/generic/pgf/basiclayer/pgfcorearrows.code.tex
File: pgfcorearrows.code.tex 2019/08/03 v3.1.4b (3.1.4b)
\pgfarrowsep=\dimen163
)
(c:/texlive/2019/texmf-dist/tex/generic/pgf/basiclayer/pgfcoreshade.code.tex
File: pgfcoreshade.code.tex 2019/08/03 v3.1.4b (3.1.4b)
\pgf@max=\dimen164
\pgf@sys@shading@range@num=\count118
\pgf@shadingcount=\count119
)
(c:/texlive/2019/texmf-dist/tex/generic/pgf/basiclayer/pgfcoreimage.code.tex
File: pgfcoreimage.code.tex 2019/08/03 v3.1.4b (3.1.4b)

(c:/texlive/2019/texmf-dist/tex/generic/pgf/basiclayer/pgfcoreexternal.code.tex
File: pgfcoreexternal.code.tex 2019/08/03 v3.1.4b (3.1.4b)
\pgfexternal@startupbox=\box41
))
(c:/texlive/2019/texmf-dist/tex/generic/pgf/basiclayer/pgfcorelayers.code.tex
File: pgfcorelayers.code.tex 2019/08/03 v3.1.4b (3.1.4b)
)
(c:/texlive/2019/texmf-dist/tex/generic/pgf/basiclayer/pgfcoretransparency.code
.tex
File: pgfcoretransparency.code.tex 2019/08/03 v3.1.4b (3.1.4b)
)
(c:/texlive/2019/texmf-dist/tex/generic/pgf/basiclayer/pgfcorepatterns.code.tex
File: pgfcorepatterns.code.tex 2019/08/03 v3.1.4b (3.1.4b)
) (c:/texlive/2019/texmf-dist/tex/generic/pgf/basiclayer/pgfcorerdf.code.tex
File: pgfcorerdf.code.tex 2019/08/03 v3.1.4b (3.1.4b)
))) (c:/texlive/2019/texmf-dist/tex/latex/pgf/utilities/xxcolor.sty
Package: xxcolor 2003/10/24 ver 0.1
\XC@nummixins=\count120
\XC@countmixins=\count121
)
(c:/texlive/2019/texmf-dist/tex/generic/oberdiek/atbegshi.sty
Package: atbegshi 2016/06/09 v1.18 At begin shipout hook (HO)

(c:/texlive/2019/texmf-dist/tex/generic/oberdiek/infwarerr.sty
Package: infwarerr 2016/05/16 v1.4 Providing info/warning/error messages (HO)
)
(c:/texlive/2019/texmf-dist/tex/generic/oberdiek/ltxcmds.sty
Package: ltxcmds 2016/05/16 v1.23 LaTeX kernel commands for general use (HO)
))
(c:/texlive/2019/texmf-dist/tex/latex/hyperref/hyperref.sty
Package: hyperref 2019/06/12 v6.88h Hypertext links for LaTeX

(c:/texlive/2019/texmf-dist/tex/generic/oberdiek/hobsub-hyperref.sty
Package: hobsub-hyperref 2016/05/16 v1.14 Bundle oberdiek, subset hyperref (HO)


(c:/texlive/2019/texmf-dist/tex/generic/oberdiek/hobsub-generic.sty
Package: hobsub-generic 2016/05/16 v1.14 Bundle oberdiek, subset generic (HO)
Package: hobsub 2016/05/16 v1.14 Construct package bundles (HO)
Package hobsub Info: Skipping package `infwarerr' (already loaded).
Package hobsub Info: Skipping package `ltxcmds' (already loaded).
Package: ifluatex 2016/05/16 v1.4 Provides the ifluatex switch (HO)
Package ifluatex Info: LuaTeX not detected.
Package hobsub Info: Skipping package `ifvtex' (already loaded).
Package: intcalc 2016/05/16 v1.2 Expandable calculations with integers (HO)
Package hobsub Info: Skipping package `ifpdf' (already loaded).
Package: etexcmds 2016/05/16 v1.6 Avoid name clashes with e-TeX commands (HO)
Package: kvsetkeys 2016/05/16 v1.17 Key value parser (HO)
Package: kvdefinekeys 2016/05/16 v1.4 Define keys (HO)
Package: pdftexcmds 2019/07/25 v0.30 Utility functions of pdfTeX for LuaTeX (HO
)
Package pdftexcmds Info: LuaTeX not detected.
Package pdftexcmds Info: \pdf@primitive is available.
Package pdftexcmds Info: \pdf@ifprimitive is available.
Package pdftexcmds Info: \pdfdraftmode found.
Package: pdfescape 2016/05/16 v1.14 Implements pdfTeX's escape features (HO)
Package: bigintcalc 2016/05/16 v1.4 Expandable calculations on big integers (HO
)
Package: bitset 2016/05/16 v1.2 Handle bit-vector datatype (HO)
Package: uniquecounter 2016/05/16 v1.3 Provide unlimited unique counter (HO)
)
Package hobsub Info: Skipping package `hobsub' (already loaded).
Package: letltxmacro 2016/05/16 v1.5 Let assignment for LaTeX macros (HO)
Package: hopatch 2016/05/16 v1.3 Wrapper for package hooks (HO)
Package: xcolor-patch 2016/05/16 xcolor patch
Package: atveryend 2016/05/16 v1.9 Hooks at the very end of document (HO)
Package hobsub Info: Skipping package `atbegshi' (already loaded).
Package: refcount 2016/05/16 v3.5 Data extraction from label references (HO)
Package: hycolor 2016/05/16 v1.8 Color options for hyperref/bookmark (HO)
)
(c:/texlive/2019/texmf-dist/tex/latex/oberdiek/auxhook.sty
Package: auxhook 2016/05/16 v1.4 Hooks for auxiliary files (HO)
)
(c:/texlive/2019/texmf-dist/tex/latex/oberdiek/kvoptions.sty
Package: kvoptions 2016/05/16 v3.12 Key value format for package options (HO)
)
\@linkdim=\dimen165
\Hy@linkcounter=\count122
\Hy@pagecounter=\count123

(c:/texlive/2019/texmf-dist/tex/latex/hyperref/pd1enc.def
File: pd1enc.def 2019/06/12 v6.88h Hyperref: PDFDocEncoding definition (HO)
Now handling font encoding PD1 ...
... no UTF-8 mapping file for font encoding PD1
)
\Hy@SavedSpaceFactor=\count124

(c:/texlive/2019/texmf-dist/tex/latex/latexconfig/hyperref.cfg
File: hyperref.cfg 2002/06/06 v1.2 hyperref configuration of TeXLive
)
Package hyperref Info: Option `bookmarks' set `true' on input line 4424.
Package hyperref Info: Option `bookmarksopen' set `true' on input line 4424.
Package hyperref Info: Option `implicit' set `false' on input line 4424.
Package hyperref Info: Hyper figures OFF on input line 4550.
Package hyperref Info: Link nesting OFF on input line 4555.
Package hyperref Info: Hyper index ON on input line 4558.
Package hyperref Info: Plain pages OFF on input line 4565.
Package hyperref Info: Backreferencing OFF on input line 4570.
Package hyperref Info: Implicit mode OFF; no redefinition of LaTeX internals.
Package hyperref Info: Bookmarks ON on input line 4803.
\c@Hy@tempcnt=\count125

(c:/texlive/2019/texmf-dist/tex/latex/url/url.sty
\Urlmuskip=\muskip10
Package: url 2013/09/16  ver 3.4  Verb mode for urls, etc.
)
LaTeX Info: Redefining \url on input line 5156.
\XeTeXLinkMargin=\dimen166
\Fld@menulength=\count126
\Field@Width=\dimen167
\Fld@charsize=\dimen168
Package hyperref Info: Hyper figures OFF on input line 6411.
Package hyperref Info: Link nesting OFF on input line 6416.
Package hyperref Info: Hyper index ON on input line 6419.
Package hyperref Info: backreferencing OFF on input line 6426.
Package hyperref Info: Link coloring OFF on input line 6431.
Package hyperref Info: Link coloring with OCG OFF on input line 6436.
Package hyperref Info: PDF/A mode OFF on input line 6441.
LaTeX Info: Redefining \ref on input line 6481.
LaTeX Info: Redefining \pageref on input line 6485.
\Hy@abspage=\count127


Package hyperref Message: Stopped early.

)
Package hyperref Info: Driver (autodetected): hpdftex.
 (c:/texlive/2019/texmf-dist/tex/latex/hyperref/hpdftex.def
File: hpdftex.def 2019/06/12 v6.88h Hyperref driver for pdfTeX
\Fld@listcount=\count128
\c@bookmark@seq@number=\count129

(c:/texlive/2019/texmf-dist/tex/latex/oberdiek/rerunfilecheck.sty
Package: rerunfilecheck 2016/05/16 v1.8 Rerun checks for auxiliary files (HO)
Package uniquecounter Info: New unique counter `rerunfilecheck' on input line 2
82.
))
(c:/texlive/2019/texmf-dist/tex/latex/beamer/beamerbaserequires.sty
(c:/texlive/2019/texmf-dist/tex/latex/beamer/beamerbasecompatibility.sty)
(c:/texlive/2019/texmf-dist/tex/latex/beamer/beamerbasefont.sty
(c:/texlive/2019/texmf-dist/tex/latex/amsfonts/amssymb.sty
Package: amssymb 2013/01/14 v3.01 AMS font symbols

(c:/texlive/2019/texmf-dist/tex/latex/amsfonts/amsfonts.sty
Package: amsfonts 2013/01/14 v3.01 Basic AMSFonts support
\@emptytoks=\toks26
\symAMSa=\mathgroup4
\symAMSb=\mathgroup5
LaTeX Font Info:    Overwriting math alphabet `\mathfrak' in version `bold'
(Font)                  U/euf/m/n --> U/euf/b/n on input line 106.
))
(c:/texlive/2019/texmf-dist/tex/latex/sansmathaccent/sansmathaccent.sty
Package: sansmathaccent 2013/03/28

(c:/texlive/2019/texmf-dist/tex/latex/filehook/filehook.sty
Package: filehook 2019/08/19 v0.5e Hooks for input files
)))
(c:/texlive/2019/texmf-dist/tex/latex/beamer/beamerbasetranslator.sty
(c:/texlive/2019/texmf-dist/tex/latex/translator/translator.sty
Package: translator 2019-05-31 v1.12a Easy translation of strings in LaTeX
))
(c:/texlive/2019/texmf-dist/tex/latex/beamer/beamerbasemisc.sty)
(c:/texlive/2019/texmf-dist/tex/latex/beamer/beamerbasetwoscreens.sty)
(c:/texlive/2019/texmf-dist/tex/latex/beamer/beamerbaseoverlay.sty
\beamer@argscount=\count130
\beamer@lastskipcover=\skip44
\beamer@trivlistdepth=\count131
)
(c:/texlive/2019/texmf-dist/tex/latex/beamer/beamerbasetitle.sty)
(c:/texlive/2019/texmf-dist/tex/latex/beamer/beamerbasesection.sty
\c@lecture=\count132
\c@part=\count133
\c@section=\count134
\c@subsection=\count135
\c@subsubsection=\count136
)
(c:/texlive/2019/texmf-dist/tex/latex/beamer/beamerbaseframe.sty
\beamer@framebox=\box42
\beamer@frametitlebox=\box43
\beamer@zoombox=\box44
\beamer@zoomcount=\count137
\beamer@zoomframecount=\count138
\beamer@frametextheight=\dimen169
\c@subsectionslide=\count139
\beamer@frametopskip=\skip45
\beamer@framebottomskip=\skip46
\beamer@frametopskipautobreak=\skip47
\beamer@framebottomskipautobreak=\skip48
\beamer@envbody=\toks27
\framewidth=\dimen170
\c@framenumber=\count140
)
(c:/texlive/2019/texmf-dist/tex/latex/beamer/beamerbaseverbatim.sty
\beamer@verbatimfileout=\write4
)
(c:/texlive/2019/texmf-dist/tex/latex/beamer/beamerbaseframesize.sty
\beamer@splitbox=\box45
\beamer@autobreakcount=\count141
\beamer@autobreaklastheight=\dimen171
\beamer@frametitletoks=\toks28
\beamer@framesubtitletoks=\toks29
)
(c:/texlive/2019/texmf-dist/tex/latex/beamer/beamerbaseframecomponents.sty
\beamer@footins=\box46
)
(c:/texlive/2019/texmf-dist/tex/latex/beamer/beamerbasecolor.sty)
(c:/texlive/2019/texmf-dist/tex/latex/beamer/beamerbasenotes.sty
\beamer@frameboxcopy=\box47
)
(c:/texlive/2019/texmf-dist/tex/latex/beamer/beamerbasetoc.sty)
(c:/texlive/2019/texmf-dist/tex/latex/beamer/beamerbasetemplates.sty
\beamer@sbttoks=\toks30

(c:/texlive/2019/texmf-dist/tex/latex/beamer/beamerbaseauxtemplates.sty
(c:/texlive/2019/texmf-dist/tex/latex/beamer/beamerbaseboxes.sty
\bmb@box=\box48
\bmb@colorbox=\box49
\bmb@boxshadow=\box50
\bmb@boxshadowball=\box51
\bmb@boxshadowballlarge=\box52
\bmb@temp=\dimen172
\bmb@dima=\dimen173
\bmb@dimb=\dimen174
\bmb@prevheight=\dimen175
)
\beamer@blockheadheight=\dimen176
))
(c:/texlive/2019/texmf-dist/tex/latex/beamer/beamerbaselocalstructure.sty
(c:/texlive/2019/texmf-dist/tex/latex/tools/enumerate.sty
Package: enumerate 2015/07/23 v3.00 enumerate extensions (DPC)
\@enLab=\toks31
)
\c@figure=\count142
\c@table=\count143
\abovecaptionskip=\skip49
\belowcaptionskip=\skip50
)
(c:/texlive/2019/texmf-dist/tex/latex/beamer/beamerbasenavigation.sty
\beamer@section@min@dim=\dimen177
)
(c:/texlive/2019/texmf-dist/tex/latex/beamer/beamerbasetheorems.sty
(c:/texlive/2019/texmf-dist/tex/latex/amsmath/amsmath.sty
Package: amsmath 2018/12/01 v2.17b AMS math features
\@mathmargin=\skip51

For additional information on amsmath, use the `?' option.
(c:/texlive/2019/texmf-dist/tex/latex/amsmath/amstext.sty
Package: amstext 2000/06/29 v2.01 AMS text

(c:/texlive/2019/texmf-dist/tex/latex/amsmath/amsgen.sty
File: amsgen.sty 1999/11/30 v2.0 generic functions
\@emptytoks=\toks32
\ex@=\dimen178
))
(c:/texlive/2019/texmf-dist/tex/latex/amsmath/amsbsy.sty
Package: amsbsy 1999/11/29 v1.2d Bold Symbols
\pmbraise@=\dimen179
)
(c:/texlive/2019/texmf-dist/tex/latex/amsmath/amsopn.sty
Package: amsopn 2016/03/08 v2.02 operator names
)
\inf@bad=\count144
LaTeX Info: Redefining \frac on input line 223.
\uproot@=\count145
\leftroot@=\count146
LaTeX Info: Redefining \overline on input line 385.
\classnum@=\count147
\DOTSCASE@=\count148
LaTeX Info: Redefining \ldots on input line 482.
LaTeX Info: Redefining \dots on input line 485.
LaTeX Info: Redefining \cdots on input line 606.
\Mathstrutbox@=\box53
\strutbox@=\box54
\big@size=\dimen180
LaTeX Font Info:    Redeclaring font encoding OML on input line 729.
LaTeX Font Info:    Redeclaring font encoding OMS on input line 730.
\macc@depth=\count149
\c@MaxMatrixCols=\count150
\dotsspace@=\muskip11
\c@parentequation=\count151
\dspbrk@lvl=\count152
\tag@help=\toks33
\row@=\count153
\column@=\count154
\maxfields@=\count155
\andhelp@=\toks34
\eqnshift@=\dimen181
\alignsep@=\dimen182
\tagshift@=\dimen183
\tagwidth@=\dimen184
\totwidth@=\dimen185
\lineht@=\dimen186
\@envbody=\toks35
\multlinegap=\skip52
\multlinetaggap=\skip53
\mathdisplay@stack=\toks36
LaTeX Info: Redefining \[ on input line 2844.
LaTeX Info: Redefining \] on input line 2845.
)
(c:/texlive/2019/texmf-dist/tex/latex/amscls/amsthm.sty
Package: amsthm 2017/10/31 v2.20.4
\thm@style=\toks37
\thm@bodyfont=\toks38
\thm@headfont=\toks39
\thm@notefont=\toks40
\thm@headpunct=\toks41
\thm@preskip=\skip54
\thm@postskip=\skip55
\thm@headsep=\skip56
\dth@everypar=\toks42
)
\c@theorem=\count156
)
(c:/texlive/2019/texmf-dist/tex/latex/beamer/beamerbasethemes.sty))
(c:/texlive/2019/texmf-dist/tex/latex/beamer/beamerthemedefault.sty
(c:/texlive/2019/texmf-dist/tex/latex/beamer/beamerfontthemedefault.sty)
(c:/texlive/2019/texmf-dist/tex/latex/beamer/beamercolorthemedefault.sty)
(c:/texlive/2019/texmf-dist/tex/latex/beamer/beamerinnerthemedefault.sty
\beamer@dima=\dimen187
\beamer@dimb=\dimen188
)
(c:/texlive/2019/texmf-dist/tex/latex/beamer/beamerouterthemedefault.sty)))
(c:/texlive/2019/texmf-dist/tex/latex/base/inputenc.sty
Package: inputenc 2018/08/11 v1.3c Input encoding file
\inpenc@prehook=\toks43
\inpenc@posthook=\toks44
)
(c:/texlive/2019/texmf-dist/tex/generic/babel/babel.sty
Package: babel 2019/07/19 3.33 The Babel package

(c:/texlive/2019/texmf-dist/tex/generic/babel/switch.def
File: switch.def 2019/07/19 3.33 Babel switching mechanism
)
(c:/texlive/2019/texmf-dist/tex/generic/babel-french/french.ldf
Language: french 2019/03/30 v3.5e French support from the babel system

(c:/texlive/2019/texmf-dist/tex/generic/babel/babel.def
File: babel.def 2019/07/19 3.33 Babel common definitions
\babel@savecnt=\count157
\U@D=\dimen189

(c:/texlive/2019/texmf-dist/tex/generic/babel/txtbabel.def)
LaTeX Info: Redefining \textlatin on input line 2115.
\bbl@dirlevel=\count158
)
\l@acadian = a dialect from \language\l@french 
\FB@nonchar=\count159
Package babel Info: Making : an active character on input line 414.
Package babel Info: Making ; an active character on input line 415.
Package babel Info: Making ! an active character on input line 416.
Package babel Info: Making ? an active character on input line 417.
\FBguill@level=\count160
\FBold@everypar=\toks45
\FB@Mht=\dimen190
\mc@charclass=\count161
\mc@charfam=\count162
\mc@charslot=\count163
\std@mcc=\count164
\dec@mcc=\count165
\c@FBcaption@count=\count166
\listindentFB=\dimen191
\descindentFB=\dimen192
\labelindentFB=\dimen193
\labelwidthFB=\dimen194
\leftmarginFB=\dimen195
\parindentFFN=\dimen196
\FBfnindent=\dimen197
))
(c:/texlive/2019/texmf-dist/tex/latex/carlisle/scalefnt.sty)
Package french.ldf Info: No list customisation for the beamer class,
(french.ldf)             reported on input line 4.

(c:/texlive/2019/texmf-dist/tex/latex/beamertheme-metropolis/beamerthememetropo
lis.sty
Package: beamerthememetropolis 2017/01/23 v1.2 Metropolis Beamer theme
 (c:/texlive/2019/texmf-dist/tex/latex/pgfopts/pgfopts.sty
Package: pgfopts 2014/07/10 v2.1a LaTeX package options with pgfkeys

(c:/texlive/2019/texmf-dist/tex/latex/pgf/utilities/pgfkeys.sty
(c:/texlive/2019/texmf-dist/tex/generic/pgf/utilities/pgfkeys.code.tex))
\pgfopts@list@add@a@toks=\toks46
\pgfopts@list@add@b@toks=\toks47
)
(c:/texlive/2019/texmf-dist/tex/latex/beamertheme-metropolis/beamerinnerthememe
tropolis.sty
Package: beamerinnerthememetropolis 2017/01/23 Metropolis inner theme
 (c:/texlive/2019/texmf-dist/tex/latex/tools/calc.sty
Package: calc 2017/05/25 v4.3 Infix arithmetic (KKT,FJ)
\calc@Acount=\count167
\calc@Bcount=\count168
\calc@Adimen=\dimen198
\calc@Bdimen=\dimen199
\calc@Askip=\skip57
\calc@Bskip=\skip58
LaTeX Info: Redefining \setlength on input line 80.
LaTeX Info: Redefining \addtolength on input line 81.
\calc@Ccount=\count169
\calc@Cskip=\skip59
)
(c:/texlive/2019/texmf-dist/tex/latex/pgf/frontendlayer/tikz.sty
(c:/texlive/2019/texmf-dist/tex/latex/pgf/basiclayer/pgf.sty
Package: pgf 2019/08/03 v3.1.4b (3.1.4b)

(c:/texlive/2019/texmf-dist/tex/generic/pgf/modules/pgfmoduleshapes.code.tex
File: pgfmoduleshapes.code.tex 2019/08/03 v3.1.4b (3.1.4b)
\pgfnodeparttextbox=\box55
)
(c:/texlive/2019/texmf-dist/tex/generic/pgf/modules/pgfmoduleplot.code.tex
File: pgfmoduleplot.code.tex 2019/08/03 v3.1.4b (3.1.4b)
)
(c:/texlive/2019/texmf-dist/tex/latex/pgf/compatibility/pgfcomp-version-0-65.st
y
Package: pgfcomp-version-0-65 2019/08/03 v3.1.4b (3.1.4b)
\pgf@nodesepstart=\dimen256
\pgf@nodesepend=\dimen257
)
(c:/texlive/2019/texmf-dist/tex/latex/pgf/compatibility/pgfcomp-version-1-18.st
y
Package: pgfcomp-version-1-18 2019/08/03 v3.1.4b (3.1.4b)
)) (c:/texlive/2019/texmf-dist/tex/latex/pgf/utilities/pgffor.sty
(c:/texlive/2019/texmf-dist/tex/latex/pgf/math/pgfmath.sty
(c:/texlive/2019/texmf-dist/tex/generic/pgf/math/pgfmath.code.tex))
(c:/texlive/2019/texmf-dist/tex/generic/pgf/utilities/pgffor.code.tex
Package: pgffor 2019/08/03 v3.1.4b (3.1.4b)

(c:/texlive/2019/texmf-dist/tex/generic/pgf/math/pgfmath.code.tex)
\pgffor@iter=\dimen258
\pgffor@skip=\dimen259
\pgffor@stack=\toks48
\pgffor@toks=\toks49
))
(c:/texlive/2019/texmf-dist/tex/generic/pgf/frontendlayer/tikz/tikz.code.tex
Package: tikz 2019/08/03 v3.1.4b (3.1.4b)

(c:/texlive/2019/texmf-dist/tex/generic/pgf/libraries/pgflibraryplothandlers.co
de.tex
File: pgflibraryplothandlers.code.tex 2019/08/03 v3.1.4b (3.1.4b)
\pgf@plot@mark@count=\count170
\pgfplotmarksize=\dimen260
)
\tikz@lastx=\dimen261
\tikz@lasty=\dimen262
\tikz@lastxsaved=\dimen263
\tikz@lastysaved=\dimen264
\tikz@lastmovetox=\dimen265
\tikz@lastmovetoy=\dimen266
\tikzleveldistance=\dimen267
\tikzsiblingdistance=\dimen268
\tikz@figbox=\box56
\tikz@figbox@bg=\box57
\tikz@tempbox=\box58
\tikz@tempbox@bg=\box59
\tikztreelevel=\count171
\tikznumberofchildren=\count172
\tikznumberofcurrentchild=\count173
\tikz@fig@count=\count174

(c:/texlive/2019/texmf-dist/tex/generic/pgf/modules/pgfmodulematrix.code.tex
File: pgfmodulematrix.code.tex 2019/08/03 v3.1.4b (3.1.4b)
\pgfmatrixcurrentrow=\count175
\pgfmatrixcurrentcolumn=\count176
\pgf@matrix@numberofcolumns=\count177
)
\tikz@expandcount=\count178

(c:/texlive/2019/texmf-dist/tex/generic/pgf/frontendlayer/tikz/libraries/tikzli
brarytopaths.code.tex
File: tikzlibrarytopaths.code.tex 2019/08/03 v3.1.4b (3.1.4b)
)))
\metropolis@titleseparator@linewidth=\skip60
\metropolis@progressonsectionpage=\skip61
\metropolis@progressonsectionpage@linewidth=\skip62
\metropolis@blocksep=\skip63
\metropolis@blockadjust=\skip64
\metropolis@parskip=\skip65
)
(c:/texlive/2019/texmf-dist/tex/latex/beamertheme-metropolis/beamerouterthememe
tropolis.sty
Package: beamerouterthememetropolis 2017/01/23 Metropolis outer theme
\metropolis@frametitle@padding=\skip66
\metropolis@progressinheadfoot=\skip67
\metropolis@progressinheadfoot@linewidth=\skip68
)
(c:/texlive/2019/texmf-dist/tex/latex/beamertheme-metropolis/beamercolorthememe
tropolis.sty
Package: beamercolorthememetropolis 2017/01/23 Metropolis color theme
)
(c:/texlive/2019/texmf-dist/tex/latex/beamertheme-metropolis/beamerfontthememet
ropolis.sty
Package: beamerfontthememetropolis 2017/01/23 Metropolis font theme


Package beamerthememetropolis Warning: You need to compile with XeLaTeX or LuaL
aTeX to use the Fira fonts on input line 95.

)) (c:/texlive/2019/texmf-dist/tex/latex/fancyvrb/fancyvrb.sty
Package: fancyvrb 2019/01/15

Style option: `fancyvrb' v3.2a <2019/01/15> (tvz)
\FV@CodeLineNo=\count179
\FV@InFile=\read2
\FV@TabBox=\box60
\c@FancyVerbLine=\count180
\FV@StepNumber=\count181
\FV@OutFile=\write5
)
\sympureletters=\mathgroup6
LaTeX Font Info:    Overwriting symbol font `pureletters' in version `bold'
(Font)                  OT1/mathkerncmss/m/sl --> OT1/mathkerncmss/bx/sl on inp
ut line 9.

(c:/texlive/2019/texmf-dist/tex/latex/tools/bm.sty
Package: bm 2017/01/16 v1.2c Bold Symbol Support (DPC/FMi)
\symboldoperators=\mathgroup7
\symboldletters=\mathgroup8
\symboldsymbols=\mathgroup9
\symboldpureletters=\mathgroup10
LaTeX Font Info:    Redeclaring math alphabet \mathbf on input line 141.
LaTeX Info: Redefining \bm on input line 207.
)
(c:/texlive/2019/texmf-dist/tex/latex/tools/array.sty
Package: array 2018/12/30 v2.4k Tabular extension package (FMi)
\col@sep=\dimen269
\ar@mcellbox=\box61
\extrarowheight=\dimen270
\NC@list=\toks50
\extratabsurround=\skip69
\backup@length=\skip70
\ar@cellbox=\box62
)
(c:/texlive/2019/texmf-dist/tex/latex/tools/multicol.sty
Package: multicol 2018/12/27 v1.8v multicolumn formatting (FMi)
\c@tracingmulticols=\count182
\mult@box=\box63
\multicol@leftmargin=\dimen271
\c@unbalance=\count183
\c@collectmore=\count184
\doublecol@number=\count185
\multicoltolerance=\count186
\multicolpretolerance=\count187
\full@width=\dimen272
\page@free=\dimen273
\premulticols=\dimen274
\postmulticols=\dimen275
\multicolsep=\skip71
\multicolbaselineskip=\skip72
\partial@page=\box64
\last@line=\box65
\maxbalancingoverflow=\dimen276
\mult@rightbox=\box66
\mult@grightbox=\box67
\mult@gfirstbox=\box68
\mult@firstbox=\box69
\@tempa=\box70
\@tempa=\box71
\@tempa=\box72
\@tempa=\box73
\@tempa=\box74
\@tempa=\box75
\@tempa=\box76
\@tempa=\box77
\@tempa=\box78
\@tempa=\box79
\@tempa=\box80
\@tempa=\box81
\@tempa=\box82
\@tempa=\box83
\@tempa=\box84
\@tempa=\box85
\@tempa=\box86
\c@columnbadness=\count188
\c@finalcolumnbadness=\count189
\last@try=\dimen277
\multicolovershoot=\dimen278
\multicolundershoot=\dimen279
\mult@nat@firstbox=\box87
\colbreak@box=\box88
\mc@col@check@num=\count190
)
(c:/texlive/2019/texmf-dist/tex/latex/multirow/multirow.sty
Package: multirow 2019/05/31 v2.5 Span multiple rows of a table
\multirow@colwidth=\skip73
\multirow@cntb=\count191
\multirow@dima=\skip74
\bigstrutjot=\dimen280
)
(c:/texlive/2019/texmf-dist/tex/generic/pgf/frontendlayer/tikz/libraries/tikzli
braryshapes.geometric.code.tex
File: tikzlibraryshapes.geometric.code.tex 2019/08/03 v3.1.4b (3.1.4b)

(c:/texlive/2019/texmf-dist/tex/generic/pgf/libraries/shapes/pgflibraryshapes.g
eometric.code.tex
File: pgflibraryshapes.geometric.code.tex 2019/08/03 v3.1.4b (3.1.4b)
))
(c:/texlive/2019/texmf-dist/tex/generic/pgf/frontendlayer/tikz/libraries/tikzli
braryarrows.code.tex
File: tikzlibraryarrows.code.tex 2019/08/03 v3.1.4b (3.1.4b)

(c:/texlive/2019/texmf-dist/tex/generic/pgf/libraries/pgflibraryarrows.code.tex
File: pgflibraryarrows.code.tex 2019/08/03 v3.1.4b (3.1.4b)
\arrowsize=\dimen281
))
Package hyperref Info: Option `colorlinks' set `true' on input line 40.


Package hyperref Warning: Token not allowed in a PDF string (PDFDocEncoding):
(hyperref)                removing `\\' on input line 47.


Package hyperref Warning: Token not allowed in a PDF string (PDFDocEncoding):
(hyperref)                removing `\\' on input line 47.


Package hyperref Warning: Token not allowed in a PDF string (PDFDocEncoding):
(hyperref)                removing `\\' on input line 47.

(./presentation_semsim_autocor.aux)
\openout1 = `presentation_semsim_autocor.aux'.

LaTeX Font Info:    Checking defaults for OML/cmm/m/it on input line 51.
LaTeX Font Info:    ... okay on input line 51.
LaTeX Font Info:    Checking defaults for T1/cmr/m/n on input line 51.
LaTeX Font Info:    ... okay on input line 51.
LaTeX Font Info:    Checking defaults for OT1/cmr/m/n on input line 51.
LaTeX Font Info:    ... okay on input line 51.
LaTeX Font Info:    Checking defaults for OMS/cmsy/m/n on input line 51.
LaTeX Font Info:    ... okay on input line 51.
LaTeX Font Info:    Checking defaults for OMX/cmex/m/n on input line 51.
LaTeX Font Info:    ... okay on input line 51.
LaTeX Font Info:    Checking defaults for U/cmr/m/n on input line 51.
LaTeX Font Info:    ... okay on input line 51.
LaTeX Font Info:    Checking defaults for PD1/pdf/m/n on input line 51.
LaTeX Font Info:    ... okay on input line 51.

*geometry* driver: auto-detecting
*geometry* detected driver: pdftex
*geometry* verbose mode - [ preamble ] result:
* driver: pdftex
* paper: custom
* layout: <same size as paper>
* layoutoffset:(h,v)=(0.0pt,0.0pt)
* modes: includehead includefoot 
* h-part:(L,W,R)=(28.45274pt, 307.28987pt, 28.45274pt)
* v-part:(T,H,B)=(0.0pt, 273.14662pt, 0.0pt)
* \paperwidth=364.19536pt
* \paperheight=273.14662pt
* \textwidth=307.28987pt
* \textheight=244.6939pt
* \oddsidemargin=-43.81725pt
* \evensidemargin=-43.81725pt
* \topmargin=-72.26999pt
* \headheight=14.22636pt
* \headsep=0.0pt
* \topskip=11.0pt
* \footskip=14.22636pt
* \marginparwidth=4.0pt
* \marginparsep=10.0pt
* \columnsep=10.0pt
* \skip\footins=10.0pt plus 4.0pt minus 2.0pt
* \hoffset=0.0pt
* \voffset=0.0pt
* \mag=1000
* \@twocolumnfalse
* \@twosidefalse
* \@mparswitchfalse
* \@reversemarginfalse
* (1in=72.27pt=25.4mm, 1cm=28.453pt)

(c:/texlive/2019/texmf-dist/tex/context/base/mkii/supp-pdf.mkii
[Loading MPS to PDF converter (version 2006.09.02).]
\scratchcounter=\count192
\scratchdimen=\dimen282
\scratchbox=\box89
\nofMPsegments=\count193
\nofMParguments=\count194
\everyMPshowfont=\toks51
\MPscratchCnt=\count195
\MPscratchDim=\dimen283
\MPnumerator=\count196
\makeMPintoPDFobject=\count197
\everyMPtoPDFconversion=\toks52
) (c:/texlive/2019/texmf-dist/tex/latex/oberdiek/epstopdf-base.sty
Package: epstopdf-base 2016/05/15 v2.6 Base part for package epstopdf

(c:/texlive/2019/texmf-dist/tex/latex/oberdiek/grfext.sty
Package: grfext 2016/05/16 v1.2 Manage graphics extensions (HO)
)
Package epstopdf-base Info: Redefining graphics rule for `.eps' on input line 4
38.
Package grfext Info: Graphics extension search list:
(grfext)             [.pdf,.png,.jpg,.mps,.jpeg,.jbig2,.jb2,.PDF,.PNG,.JPG,.JPE
G,.JBIG2,.JB2,.eps]
(grfext)             \AppendGraphicsExtensions on input line 456.

(c:/texlive/2019/texmf-dist/tex/latex/latexconfig/epstopdf-sys.cfg
File: epstopdf-sys.cfg 2010/07/13 v1.3 Configuration of (r)epstopdf for TeX Liv
e
))
ABD: EveryShipout initializing macros
\AtBeginShipoutBox=\box90
Package hyperref Info: Link coloring ON on input line 51.

(c:/texlive/2019/texmf-dist/tex/latex/hyperref/nameref.sty
Package: nameref 2016/05/21 v2.44 Cross-referencing by name of section

(c:/texlive/2019/texmf-dist/tex/generic/oberdiek/gettitlestring.sty
Package: gettitlestring 2016/05/16 v1.5 Cleanup title references (HO)
)
\c@section@level=\count198
)
LaTeX Info: Redefining \ref on input line 51.
LaTeX Info: Redefining \pageref on input line 51.
LaTeX Info: Redefining \nameref on input line 51.

(./presentation_semsim_autocor.out) (./presentation_semsim_autocor.out)
\@outlinefile=\write6
\openout6 = `presentation_semsim_autocor.out'.

LaTeX Font Info:    Overwriting symbol font `operators' in version `normal'
(Font)                  OT1/cmr/m/n --> OT1/cmss/m/n on input line 51.
LaTeX Font Info:    Overwriting symbol font `operators' in version `bold'
(Font)                  OT1/cmr/bx/n --> OT1/cmss/bx/n on input line 51.
\symnumbers=\mathgroup11
LaTeX Font Info:    Redeclaring symbol font `pureletters' on input line 51.
LaTeX Font Info:    Overwriting symbol font `pureletters' in version `normal'
(Font)                  OT1/mathkerncmss/m/sl --> OT1/cmss/m/it on input line 5
1.
LaTeX Font Info:    Overwriting symbol font `pureletters' in version `bold'
(Font)                  OT1/mathkerncmss/bx/sl --> OT1/cmss/m/it on input line 
51.
LaTeX Font Info:    Overwriting math alphabet `\mathrm' in version `normal'
(Font)                  OT1/cmss/m/n --> OT1/cmr/m/n on input line 51.
LaTeX Font Info:    Redeclaring math alphabet \mathbf on input line 51.
LaTeX Font Info:    Redeclaring math alphabet \mathsf on input line 51.
LaTeX Font Info:    Overwriting math alphabet `\mathsf' in version `normal'
(Font)                  OT1/cmss/m/n --> OT1/cmss/m/n on input line 51.
LaTeX Font Info:    Overwriting math alphabet `\mathsf' in version `bold'
(Font)                  OT1/cmss/bx/n --> OT1/cmss/m/n on input line 51.
LaTeX Font Info:    Redeclaring math alphabet \mathit on input line 51.
LaTeX Font Info:    Overwriting math alphabet `\mathit' in version `normal'
(Font)                  OT1/cmr/m/it --> OT1/cmss/m/it on input line 51.
LaTeX Font Info:    Overwriting math alphabet `\mathit' in version `bold'
(Font)                  OT1/cmr/bx/it --> OT1/cmss/m/it on input line 51.
LaTeX Font Info:    Redeclaring math alphabet \mathtt on input line 51.
LaTeX Font Info:    Overwriting math alphabet `\mathtt' in version `normal'
(Font)                  OT1/cmtt/m/n --> OT1/cmtt/m/n on input line 51.
LaTeX Font Info:    Overwriting math alphabet `\mathtt' in version `bold'
(Font)                  OT1/cmtt/m/n --> OT1/cmtt/m/n on input line 51.
LaTeX Font Info:    Overwriting symbol font `numbers' in version `bold'
(Font)                  OT1/cmss/m/n --> OT1/cmss/bx/n on input line 51.
LaTeX Font Info:    Overwriting symbol font `pureletters' in version `bold'
(Font)                  OT1/cmss/m/it --> OT1/cmss/bx/it on input line 51.
LaTeX Font Info:    Overwriting math alphabet `\mathrm' in version `bold'
(Font)                  OT1/cmss/bx/n --> OT1/cmr/bx/n on input line 51.
LaTeX Font Info:    Overwriting math alphabet `\mathbf' in version `bold'
(Font)                  OT1/cmss/bx/n --> OT1/cmss/bx/n on input line 51.
LaTeX Font Info:    Overwriting math alphabet `\mathsf' in version `bold'
(Font)                  OT1/cmss/m/n --> OT1/cmss/bx/n on input line 51.
LaTeX Font Info:    Overwriting math alphabet `\mathit' in version `bold'
(Font)                  OT1/cmss/m/it --> OT1/cmss/bx/it on input line 51.
LaTeX Font Info:    Overwriting math alphabet `\mathtt' in version `bold'
(Font)                  OT1/cmtt/m/n --> OT1/cmtt/bx/n on input line 51.
LaTeX Font Info:    Redeclaring symbol font `pureletters' on input line 51.
LaTeX Font Info:    Overwriting symbol font `pureletters' in version `normal'
(Font)                  OT1/cmss/m/it --> OT1/mathkerncmss/m/sl on input line 5
1.
LaTeX Font Info:    Overwriting symbol font `pureletters' in version `bold'
(Font)                  OT1/cmss/bx/it --> OT1/mathkerncmss/m/sl on input line 
51.
LaTeX Font Info:    Overwriting symbol font `pureletters' in version `bold'
(Font)                  OT1/mathkerncmss/m/sl --> OT1/mathkerncmss/bx/sl on inp
ut line 51.

(c:/texlive/2019/texmf-dist/tex/latex/translator/translator-basic-dictionary-En
glish.dict
Dictionary: translator-basic-dictionary, Language: English 
)
(c:/texlive/2019/texmf-dist/tex/latex/translator/translator-bibliography-dictio
nary-English.dict
Dictionary: translator-bibliography-dictionary, Language: English 
)
(c:/texlive/2019/texmf-dist/tex/latex/translator/translator-environment-diction
ary-English.dict
Dictionary: translator-environment-dictionary, Language: English 
)
(c:/texlive/2019/texmf-dist/tex/latex/translator/translator-months-dictionary-E
nglish.dict
Dictionary: translator-months-dictionary, Language: English 
)
(c:/texlive/2019/texmf-dist/tex/latex/translator/translator-numbers-dictionary-
English.dict
Dictionary: translator-numbers-dictionary, Language: English 
)
(c:/texlive/2019/texmf-dist/tex/latex/translator/translator-theorem-dictionary-
English.dict
Dictionary: translator-theorem-dictionary, Language: English 
)
LaTeX Info: Redefining \degres on input line 51.
LaTeX Info: Redefining \dots on input line 51.
LaTeX Info: Redefining \up on input line 51.


Package french.ldf Warning: OT1 encoding should not be used for French.
(french.ldf)                Add \usepackage[T1]{fontenc} to the preamble
(french.ldf)                of your document; reported on input line 51.

(./presentation_semsim_autocor.nav)
Overfull \vbox (15.63992pt too high) detected at line 53
 []

[1

{c:/texlive/2019/texmf-var/fonts/map/pdftex/updmap/pdftex.map}]
(./presentation_semsim_autocor.toc)
LaTeX Font Info:    Try loading font information for OMS+cmss on input line 78.

LaTeX Font Info:    No file OMScmss.fd. on input line 78.


LaTeX Font Warning: Font shape `OMS/cmss/m/n' undefined
(Font)              using `OMS/cmsy/m/n' instead
(Font)              for symbol `textbullet' on input line 78.

<unil_logo.pdf, id=51, 156.585pt x 58.2175pt>
File: unil_logo.pdf Graphic file (type pdf)
<use unil_logo.pdf>
Package pdftex.def Info: unil_logo.pdf  used on input line 78.
(pdftex.def)             Requested size: 45.9174pt x 17.07182pt.
[2

 <./unil_logo.pdf>]
File: unil_logo.pdf Graphic file (type pdf)
<use unil_logo.pdf>
Package pdftex.def Info: unil_logo.pdf  used on input line 78.
(pdftex.def)             Requested size: 45.9174pt x 17.07182pt.
 [3]
LaTeX Font Info:    Try loading font information for U+msa on input line 82.

(c:/texlive/2019/texmf-dist/tex/latex/amsfonts/umsa.fd
File: umsa.fd 2013/01/14 v3.01 AMS symbols A
)
LaTeX Font Info:    Try loading font information for U+msb on input line 82.

(c:/texlive/2019/texmf-dist/tex/latex/amsfonts/umsb.fd
File: umsb.fd 2013/01/14 v3.01 AMS symbols B
)
LaTeX Font Info:    Try loading font information for OT1+mathkerncmss on input 
line 82.

(c:/texlive/2019/texmf-dist/tex/latex/sansmathaccent/ot1mathkerncmss.fd
File: ot1mathkerncmss.fd 2013/03/27 Fontinst v1.933 font definitions for OT1/ma
thkerncmss.
)
[4

]
Overfull \vbox (20.90051pt too high) detected at line 98
 []

[5

]
File: unil_logo.pdf Graphic file (type pdf)
<use unil_logo.pdf>
Package pdftex.def Info: unil_logo.pdf  used on input line 112.
(pdftex.def)             Requested size: 45.9174pt x 17.07182pt.
 [6

]
<wordnet.jpg, id=96, 326.17433pt x 209.13531pt>
File: wordnet.jpg Graphic file (type jpg)
<use wordnet.jpg>
Package pdftex.def Info: wordnet.jpg  used on input line 126.
(pdftex.def)             Requested size: 227.62204pt x 145.94376pt.

Overfull \vbox (27.20195pt too high) detected at line 126
 []

File: unil_logo.pdf Graphic file (type pdf)
<use unil_logo.pdf>
Package pdftex.def Info: unil_logo.pdf  used on input line 126.
(pdftex.def)             Requested size: 45.9174pt x 17.07182pt.
[7

 <./wordnet.jpg>]
<wup.png, id=107, 330.9966pt x 267.8808pt>
File: wup.png Graphic file (type png)
<use wup.png>
Package pdftex.def Info: wup.png  used on input line 154.
(pdftex.def)             Requested size: 142.26378pt x 115.13744pt.
File: unil_logo.pdf Graphic file (type pdf)
<use unil_logo.pdf>
Package pdftex.def Info: unil_logo.pdf  used on input line 154.
(pdftex.def)             Requested size: 45.9174pt x 17.07182pt.
 [8

 <./wup.png>]
<res.png, id=123, 222.5916pt x 267.8808pt>
File: res.png Graphic file (type png)
<use res.png>
Package pdftex.def Info: res.png  used on input line 180.
(pdftex.def)             Requested size: 142.26378pt x 171.2183pt.
File: unil_logo.pdf Graphic file (type pdf)
<use unil_logo.pdf>
Package pdftex.def Info: unil_logo.pdf  used on input line 180.
(pdftex.def)             Requested size: 45.9174pt x 17.07182pt.
 [9

 <./res.png>]
<lec.png, id=132, 326.6604pt x 317.988pt>
File: lec.png Graphic file (type png)
<use lec.png>
Package pdftex.def Info: lec.png  used on input line 206.
(pdftex.def)             Requested size: 142.26378pt x 138.48378pt.
File: unil_logo.pdf Graphic file (type pdf)
<use unil_logo.pdf>
Package pdftex.def Info: unil_logo.pdf  used on input line 206.
(pdftex.def)             Requested size: 45.9174pt x 17.07182pt.
 [10

 <./lec.png>]
File: unil_logo.pdf Graphic file (type pdf)
<use unil_logo.pdf>
Package pdftex.def Info: unil_logo.pdf  used on input line 220.
(pdftex.def)             Requested size: 45.9174pt x 17.07182pt.
 [11

]

LaTeX Font Warning: Font shape `OT1/cmss/bx/it' undefined
(Font)              using `OT1/cmss/bx/n' instead on input line 237.


Overfull \vbox (9.79033pt too high) detected at line 237
 []

File: unil_logo.pdf Graphic file (type pdf)
<use unil_logo.pdf>
Package pdftex.def Info: unil_logo.pdf  used on input line 237.
(pdftex.def)             Requested size: 45.9174pt x 17.07182pt.
[12

]
<word2vec.png, id=158, 997.7275pt x 677.53125pt>
File: word2vec.png Graphic file (type png)
<use word2vec.png>
Package pdftex.def Info: word2vec.png  used on input line 249.
(pdftex.def)             Requested size: 284.52756pt x 193.21213pt.

Overfull \vbox (4.49118pt too high) detected at line 249
 []

File: unil_logo.pdf Graphic file (type pdf)
<use unil_logo.pdf>
Package pdftex.def Info: unil_logo.pdf  used on input line 249.
(pdftex.def)             Requested size: 45.9174pt x 17.07182pt.
[13

 <./word2vec.png (PNG copy)>]
File: unil_logo.pdf Graphic file (type pdf)
<use unil_logo.pdf>
Package pdftex.def Info: unil_logo.pdf  used on input line 265.
(pdftex.def)             Requested size: 45.9174pt x 17.07182pt.
 [14

]
File: unil_logo.pdf Graphic file (type pdf)
<use unil_logo.pdf>
Package pdftex.def Info: unil_logo.pdf  used on input line 280.
(pdftex.def)             Requested size: 45.9174pt x 17.07182pt.
 [15

]
File: unil_logo.pdf Graphic file (type pdf)
<use unil_logo.pdf>
Package pdftex.def Info: unil_logo.pdf  used on input line 298.
(pdftex.def)             Requested size: 45.9174pt x 17.07182pt.
 [16

]
File: unil_logo.pdf Graphic file (type pdf)
<use unil_logo.pdf>
Package pdftex.def Info: unil_logo.pdf  used on input line 320.
(pdftex.def)             Requested size: 45.9174pt x 17.07182pt.
 [17

] [18

]
File: unil_logo.pdf Graphic file (type pdf)
<use unil_logo.pdf>
Package pdftex.def Info: unil_logo.pdf  used on input line 362.
(pdftex.def)             Requested size: 45.9174pt x 17.07182pt.
 [19

]
<voisinage_unif.png, id=203, 391.7034pt x 156.585pt>
File: voisinage_unif.png Graphic file (type png)
<use voisinage_unif.png>
Package pdftex.def Info: voisinage_unif.png  used on input line 399.
(pdftex.def)             Requested size: 113.81102pt x 45.49689pt.
<voisinage_norm.png, id=204, 391.7034pt x 156.585pt>
File: voisinage_norm.png Graphic file (type png)
<use voisinage_norm.png>
Package pdftex.def Info: voisinage_norm.png  used on input line 399.
(pdftex.def)             Requested size: 113.81102pt x 45.49689pt.

Overfull \vbox (17.37698pt too high) detected at line 399
 []

File: unil_logo.pdf Graphic file (type pdf)
<use unil_logo.pdf>
Package pdftex.def Info: unil_logo.pdf  used on input line 399.
(pdftex.def)             Requested size: 45.9174pt x 17.07182pt.
[20

 <./voisinage_unif.png> <./voisinage_norm.png>]
File: unil_logo.pdf Graphic file (type pdf)
<use unil_logo.pdf>
Package pdftex.def Info: unil_logo.pdf  used on input line 417.
(pdftex.def)             Requested size: 45.9174pt x 17.07182pt.
 [21

]
File: unil_logo.pdf Graphic file (type pdf)
<use unil_logo.pdf>
Package pdftex.def Info: unil_logo.pdf  used on input line 433.
(pdftex.def)             Requested size: 45.9174pt x 17.07182pt.
 [22

]
File: unil_logo.pdf Graphic file (type pdf)
<use unil_logo.pdf>
Package pdftex.def Info: unil_logo.pdf  used on input line 457.
(pdftex.def)             Requested size: 45.9174pt x 17.07182pt.
 [23

] [24

]
File: unil_logo.pdf Graphic file (type pdf)
<use unil_logo.pdf>
Package pdftex.def Info: unil_logo.pdf  used on input line 484.
(pdftex.def)             Requested size: 45.9174pt x 17.07182pt.
 [25

]
<results/WW_nouns_wup.png, id=247, 462.528pt x 346.896pt>
File: results/WW_nouns_wup.png Graphic file (type png)
<use results/WW_nouns_wup.png>
Package pdftex.def Info: results/WW_nouns_wup.png  used on input line 499.
(pdftex.def)             Requested size: 136.5733pt x 102.4287pt.
<results/WW_nouns_res.png, id=248, 462.528pt x 346.896pt>
File: results/WW_nouns_res.png Graphic file (type png)
<use results/WW_nouns_res.png>
Package pdftex.def Info: results/WW_nouns_res.png  used on input line 499.
(pdftex.def)             Requested size: 136.5733pt x 102.4287pt.
<results/WW_nouns_lec.png, id=249, 462.528pt x 346.896pt>
File: results/WW_nouns_lec.png Graphic file (type png)
<use results/WW_nouns_lec.png>
Package pdftex.def Info: results/WW_nouns_lec.png  used on input line 499.
(pdftex.def)             Requested size: 136.5733pt x 102.4287pt.
<results/WW_nouns_wes.png, id=250, 462.528pt x 346.896pt>
File: results/WW_nouns_wes.png Graphic file (type png)
<use results/WW_nouns_wes.png>
Package pdftex.def Info: results/WW_nouns_wes.png  used on input line 499.
(pdftex.def)             Requested size: 136.5733pt x 102.4287pt.

Overfull \vbox (25.9639pt too high) detected at line 499
 []

[26

 <./results/WW_nouns_wup.png> <./results/WW_nouns_res.png> <./results/WW_nouns_
lec.png> <./results/WW_nouns_wes.png>]
<results/Animal_nouns_wup.png, id=260, 462.528pt x 346.896pt>
File: results/Animal_nouns_wup.png Graphic file (type png)
<use results/Animal_nouns_wup.png>
Package pdftex.def Info: results/Animal_nouns_wup.png  used on input line 514.
(pdftex.def)             Requested size: 136.5733pt x 102.4287pt.
<results/Animal_nouns_res.png, id=261, 462.528pt x 346.896pt>
File: results/Animal_nouns_res.png Graphic file (type png)
<use results/Animal_nouns_res.png>
Package pdftex.def Info: results/Animal_nouns_res.png  used on input line 514.
(pdftex.def)             Requested size: 136.5733pt x 102.4287pt.
<results/Animal_nouns_lec.png, id=262, 462.528pt x 346.896pt>
File: results/Animal_nouns_lec.png Graphic file (type png)
<use results/Animal_nouns_lec.png>
Package pdftex.def Info: results/Animal_nouns_lec.png  used on input line 514.
(pdftex.def)             Requested size: 136.5733pt x 102.4287pt.
<results/Animal_nouns_wes.png, id=263, 462.528pt x 346.896pt>
File: results/Animal_nouns_wes.png Graphic file (type png)
<use results/Animal_nouns_wes.png>
Package pdftex.def Info: results/Animal_nouns_wes.png  used on input line 514.
(pdftex.def)             Requested size: 136.5733pt x 102.4287pt.

Overfull \vbox (25.9639pt too high) detected at line 514
 []

[27

 <./results/Animal_nouns_wup.png> <./results/Animal_nouns_res.png> <./results/A
nimal_nouns_lec.png> <./results/Animal_nouns_wes.png>] [28

]
Overfull \vbox (25.8058pt too high) detected at line 541
 []

File: unil_logo.pdf Graphic file (type pdf)
<use unil_logo.pdf>
Package pdftex.def Info: unil_logo.pdf  used on input line 541.
(pdftex.def)             Requested size: 45.9174pt x 17.07182pt.
[29

]
<results/lisa_wwall_wes.png, id=283, 999.735pt x 546.843pt>
File: results/lisa_wwall_wes.png Graphic file (type png)
<use results/lisa_wwall_wes.png>
Package pdftex.def Info: results/lisa_wwall_wes.png  used on input line 562.
(pdftex.def)             Requested size: 284.52756pt x 155.63492pt.
File: unil_logo.pdf Graphic file (type pdf)
<use unil_logo.pdf>
Package pdftex.def Info: unil_logo.pdf  used on input line 562.
(pdftex.def)             Requested size: 45.9174pt x 17.07182pt.
 [30

 <./results/lisa_wwall_wes.png>] [31

]
File: unil_logo.pdf Graphic file (type pdf)
<use unil_logo.pdf>
Package pdftex.def Info: unil_logo.pdf  used on input line 583.
(pdftex.def)             Requested size: 45.9174pt x 17.07182pt.
 [32

]
File: unil_logo.pdf Graphic file (type pdf)
<use unil_logo.pdf>
Package pdftex.def Info: unil_logo.pdf  used on input line 602.
(pdftex.def)             Requested size: 45.9174pt x 17.07182pt.
 [33

]
<high_inert.png, id=306, 532.99126pt x 296.90926pt>
File: high_inert.png Graphic file (type png)
<use high_inert.png>
Package pdftex.def Info: high_inert.png  used on input line 617.
(pdftex.def)             Requested size: 142.26378pt x 79.24687pt.
<low_inert.png, id=307, 532.99126pt x 299.31825pt>
File: low_inert.png Graphic file (type png)
<use low_inert.png>
Package pdftex.def Info: low_inert.png  used on input line 617.
(pdftex.def)             Requested size: 142.26378pt x 79.88986pt.

Overfull \hbox (15.86404pt too wide) in paragraph at lines 617--617
 [] 
 []


Overfull \vbox (17.16963pt too high) detected at line 617
 []

File: unil_logo.pdf Graphic file (type pdf)
<use unil_logo.pdf>
Package pdftex.def Info: unil_logo.pdf  used on input line 617.
(pdftex.def)             Requested size: 45.9174pt x 17.07182pt.
[34

 <./high_inert.png> <./low_inert.png>]
File: unil_logo.pdf Graphic file (type pdf)
<use unil_logo.pdf>
Package pdftex.def Info: unil_logo.pdf  used on input line 635.
(pdftex.def)             Requested size: 45.9174pt x 17.07182pt.
 [35

]
<low_mod.png, id=320, 448.074pt x 275.1078pt>
File: low_mod.png Graphic file (type png)
<use low_mod.png>
Package pdftex.def Info: low_mod.png  used on input line 650.
(pdftex.def)             Requested size: 128.0374pt x 78.61221pt.
<high_mod.png, id=321, 448.074pt x 275.1078pt>
File: high_mod.png Graphic file (type png)
<use high_mod.png>
Package pdftex.def Info: high_mod.png  used on input line 650.
(pdftex.def)             Requested size: 128.0374pt x 78.61221pt.

Overfull \hbox (15.86404pt too wide) in paragraph at lines 650--650
 [] 
 []


Overfull \vbox (15.25732pt too high) detected at line 650
 []

File: unil_logo.pdf Graphic file (type pdf)
<use unil_logo.pdf>
Package pdftex.def Info: unil_logo.pdf  used on input line 650.
(pdftex.def)             Requested size: 45.9174pt x 17.07182pt.
[36

 <./low_mod.png> <./high_mod.png>]
File: unil_logo.pdf Graphic file (type pdf)
<use unil_logo.pdf>
Package pdftex.def Info: unil_logo.pdf  used on input line 665.
(pdftex.def)             Requested size: 45.9174pt x 17.07182pt.
 [37

]
File: unil_logo.pdf Graphic file (type pdf)
<use unil_logo.pdf>
Package pdftex.def Info: unil_logo.pdf  used on input line 686.
(pdftex.def)             Requested size: 45.9174pt x 17.07182pt.
 [38

]
File: unil_logo.pdf Graphic file (type pdf)
<use unil_logo.pdf>
Package pdftex.def Info: unil_logo.pdf  used on input line 703.
(pdftex.def)             Requested size: 45.9174pt x 17.07182pt.
 [39

]
File: unil_logo.pdf Graphic file (type pdf)
<use unil_logo.pdf>
Package pdftex.def Info: unil_logo.pdf  used on input line 724.
(pdftex.def)             Requested size: 45.9174pt x 17.07182pt.
 [40

]
File: unil_logo.pdf Graphic file (type pdf)
<use unil_logo.pdf>
Package pdftex.def Info: unil_logo.pdf  used on input line 739.
(pdftex.def)             Requested size: 45.9174pt x 17.07182pt.
 [41

]
Overfull \hbox (11.35555pt too wide) in paragraph at lines 758--758
[][]  
 []

File: unil_logo.pdf Graphic file (type pdf)
<use unil_logo.pdf>
Package pdftex.def Info: unil_logo.pdf  used on input line 758.
(pdftex.def)             Requested size: 45.9174pt x 17.07182pt.
[42

]
<results/sent1_clust.png, id=363, 507.0945pt x 546.843pt>
File: results/sent1_clust.png Graphic file (type png)
<use results/sent1_clust.png>
Package pdftex.def Info: results/sent1_clust.png  used on input line 771.
(pdftex.def)             Requested size: 147.95424pt x 159.54832pt.
<results/sent1_real.png, id=364, 507.0945pt x 549.252pt>
File: results/sent1_real.png Graphic file (type png)
<use results/sent1_real.png>
Package pdftex.def Info: results/sent1_real.png  used on input line 771.
(pdftex.def)             Requested size: 147.95424pt x 160.25117pt.
File: unil_logo.pdf Graphic file (type pdf)
<use unil_logo.pdf>
Package pdftex.def Info: unil_logo.pdf  used on input line 771.
(pdftex.def)             Requested size: 45.9174pt x 17.07182pt.
 [43

 <./results/sent1_clust.png> <./results/sent1_real.png>]
<results/sent10_clust.png, id=373, 504.08325pt x 525.162pt>
File: results/sent10_clust.png Graphic file (type png)
<use results/sent10_clust.png>
Package pdftex.def Info: results/sent10_clust.png  used on input line 784.
(pdftex.def)             Requested size: 147.95424pt x 154.13614pt.
<results/sent10_real.png, id=374, 501.67426pt x 545.03625pt>
File: results/sent10_real.png Graphic file (type png)
<use results/sent10_real.png>
Package pdftex.def Info: results/sent10_real.png  used on input line 784.
(pdftex.def)             Requested size: 147.95424pt x 160.74272pt.
File: unil_logo.pdf Graphic file (type pdf)
<use unil_logo.pdf>
Package pdftex.def Info: unil_logo.pdf  used on input line 784.
(pdftex.def)             Requested size: 45.9174pt x 17.07182pt.
 [44

 <./results/sent10_clust.png> <./results/sent10_real.png>]
File: unil_logo.pdf Graphic file (type pdf)
<use unil_logo.pdf>
Package pdftex.def Info: unil_logo.pdf  used on input line 856.
(pdftex.def)             Requested size: 45.9174pt x 17.07182pt.
 [45

]
Overfull \vbox (4.37285pt too high) detected at line 885
 []

File: unil_logo.pdf Graphic file (type pdf)
<use unil_logo.pdf>
Package pdftex.def Info: unil_logo.pdf  used on input line 885.
(pdftex.def)             Requested size: 45.9174pt x 17.07182pt.
[46

]
<results/sent1_semi10.png, id=392, 504.08325pt x 548.64975pt>
File: results/sent1_semi10.png Graphic file (type png)
<use results/sent1_semi10.png>
Package pdftex.def Info: results/sent1_semi10.png  used on input line 898.
(pdftex.def)             Requested size: 147.95424pt x 161.02985pt.
File: results/sent1_real.png Graphic file (type png)
<use results/sent1_real.png>
Package pdftex.def Info: results/sent1_real.png  used on input line 898.
(pdftex.def)             Requested size: 147.95424pt x 160.25117pt.
File: unil_logo.pdf Graphic file (type pdf)
<use unil_logo.pdf>
Package pdftex.def Info: unil_logo.pdf  used on input line 898.
(pdftex.def)             Requested size: 45.9174pt x 17.07182pt.
 [47

 <./results/sent1_semi10.png>]
<results/sent10_semi10.png, id=399, 507.69675pt x 549.252pt>
File: results/sent10_semi10.png Graphic file (type png)
<use results/sent10_semi10.png>
Package pdftex.def Info: results/sent10_semi10.png  used on input line 912.
(pdftex.def)             Requested size: 147.95424pt x 160.0668pt.
File: results/sent10_real.png Graphic file (type png)
<use results/sent10_real.png>
Package pdftex.def Info: results/sent10_real.png  used on input line 912.
(pdftex.def)             Requested size: 147.95424pt x 160.74272pt.
File: unil_logo.pdf Graphic file (type pdf)
<use unil_logo.pdf>
Package pdftex.def Info: unil_logo.pdf  used on input line 912.
(pdftex.def)             Requested size: 45.9174pt x 17.07182pt.
 [48

 <./results/sent10_semi10.png>]
Overfull \vbox (26.00677pt too high) detected at line 930
 []

[49

]
File: unil_logo.pdf Graphic file (type pdf)
<use unil_logo.pdf>
Package pdftex.def Info: unil_logo.pdf  used on input line 944.
(pdftex.def)             Requested size: 45.9174pt x 17.07182pt.
 [50

] (./presentation_semsim_autocor.bbl)
Overfull \vbox (35.03482pt too high) detected at line 954
 []

File: unil_logo.pdf Graphic file (type pdf)
<use unil_logo.pdf>
Package pdftex.def Info: unil_logo.pdf  used on input line 954.
(pdftex.def)             Requested size: 45.9174pt x 17.07182pt.
[51

 <c:/texlive/2019/texmf-dist/tex/latex/beamer/beamericonarticle.pdf>]
\tf@nav=\write7
\openout7 = `presentation_semsim_autocor.nav'.

\tf@toc=\write8
\openout8 = `presentation_semsim_autocor.toc'.

\tf@snm=\write9
\openout9 = `presentation_semsim_autocor.snm'.

Package atveryend Info: Empty hook `BeforeClearDocument' on input line 960.
Package atveryend Info: Empty hook `AfterLastShipout' on input line 960.

(./presentation_semsim_autocor.aux)
Package atveryend Info: Executing hook `AtVeryEndDocument' on input line 960.
Package atveryend Info: Executing hook `AtEndAfterFileList' on input line 960.
Package rerunfilecheck Info: File `presentation_semsim_autocor.out' has not cha
nged.
(rerunfilecheck)             Checksum: 09C912E26F10F5EB771767DC104588F8;285.


LaTeX Font Warning: Some font shapes were not available, defaults substituted.

 ) 
Here is how much of TeX's memory you used:
 24212 strings out of 492609
 477168 string characters out of 6132819
 581783 words of memory out of 5000000
 27428 multiletter control sequences out of 15000+600000
 36540 words of font info for 108 fonts, out of 8000000 for 9000
 1141 hyphenation exceptions out of 8191
 71i,18n,84p,1826b,915s stack positions out of 5000i,500n,10000p,200000b,80000s
{c:/texlive/2019/texmf-dist/fonts/enc/dvips/cm-super/cm-super-t1.enc}<c:/texl
ive/2019/texmf-dist/fonts/type1/public/amsfonts/cm/cmex10.pfb><c:/texlive/2019/
texmf-dist/fonts/type1/public/amsfonts/cmextra/cmex8.pfb><c:/texlive/2019/texmf
-dist/fonts/type1/public/amsfonts/cmextra/cmex9.pfb><c:/texlive/2019/texmf-dist
/fonts/type1/public/amsfonts/cm/cmmi10.pfb><c:/texlive/2019/texmf-dist/fonts/ty
pe1/public/amsfonts/cm/cmmi6.pfb><c:/texlive/2019/texmf-dist/fonts/type1/public
/amsfonts/cm/cmmi7.pfb><c:/texlive/2019/texmf-dist/fonts/type1/public/amsfonts/
cm/cmmi8.pfb><c:/texlive/2019/texmf-dist/fonts/type1/public/amsfonts/cm/cmmi9.p
fb><c:/texlive/2019/texmf-dist/fonts/type1/public/amsfonts/cm/cmss10.pfb><c:/te
xlive/2019/texmf-dist/fonts/type1/public/amsfonts/cm/cmss17.pfb><c:/texlive/201
9/texmf-dist/fonts/type1/public/amsfonts/cm/cmss8.pfb><c:/texlive/2019/texmf-di
st/fonts/type1/public/amsfonts/cm/cmss9.pfb><c:/texlive/2019/texmf-dist/fonts/t
ype1/public/amsfonts/cm/cmssbx10.pfb><c:/texlive/2019/texmf-dist/fonts/type1/pu
blic/amsfonts/cm/cmssi10.pfb><c:/texlive/2019/texmf-dist/fonts/type1/public/ams
fonts/cm/cmssi8.pfb><c:/texlive/2019/texmf-dist/fonts/type1/public/amsfonts/cm/
cmssi9.pfb><c:/texlive/2019/texmf-dist/fonts/type1/public/amsfonts/cm/cmsy10.pf
b><c:/texlive/2019/texmf-dist/fonts/type1/public/amsfonts/cm/cmsy6.pfb><c:/texl
ive/2019/texmf-dist/fonts/type1/public/amsfonts/cm/cmsy7.pfb><c:/texlive/2019/t
exmf-dist/fonts/type1/public/amsfonts/cm/cmsy8.pfb><c:/texlive/2019/texmf-dist/
fonts/type1/public/amsfonts/cm/cmsy9.pfb><c:/texlive/2019/texmf-dist/fonts/type
1/public/amsfonts/cm/cmtt10.pfb><c:/texlive/2019/texmf-dist/fonts/type1/public/
cm-super/sfso0800.pfb><c:/texlive/2019/texmf-dist/fonts/type1/public/cm-super/s
fso0900.pfb><c:/texlive/2019/texmf-dist/fonts/type1/public/cm-super/sfso1000.pf
b>
Output written on presentation_semsim_autocor.pdf (51 pages, 3649413 bytes).
PDF statistics:
 541 PDF objects out of 1000 (max. 8388607)
 395 compressed objects within 4 object streams
 118 named destinations out of 1000 (max. 500000)
 218 words of extra memory for PDF output out of 10000 (max. 10000000)

